[20:56:16] [Server thread/INFO]: Starting minecraft server version 1.8.8
[20:56:16] [Server thread/INFO]: Loading properties
[20:56:16] [Server thread/INFO]: Default game type: SURVIVAL
[20:56:16] [Server thread/INFO]: This server is running CraftBukkit version git-PaperSpigot-445 (MC: 1.8.8) (Implementing API version 1.8.8-R0.1-SNAPSHOT)
[20:56:16] [Server thread/INFO]: Unable to find file banned-players.json, creating it.
[20:56:16] [Server thread/INFO]: Unable to find file banned-ips.json, creating it.
[20:56:16] [Server thread/INFO]: Unable to find file ops.json, creating it.
[20:56:16] [Server thread/INFO]: Unable to find file whitelist.json, creating it.
[20:56:16] [Server thread/INFO]: Debug logging is disabled
[20:56:16] [Server thread/INFO]: Spigot Timings: true - Verbose: true - Interval: 5m - Length: 60m
[20:56:16] [Server thread/INFO]: Server Ping Player Sample Count: 12

[20:56:16] [Server thread/INFO]: Using 4 threads for Netty based IO
[20:56:17] [Server thread/INFO]: Data value allowed items: 
[20:56:17] [Server thread/WARN]: java.lang.NoSuchFieldException: modifiers

[20:56:17] [Server thread/WARN]: 	at java.base/java.lang.Class.getDeclaredField(Class.java:2782)

[20:56:17] [Server thread/WARN]: 	at org.github.paperspigot.PaperSpigotConfig.stackableBuckets(PaperSpigotConfig.java:192)

[20:56:17] [Server thread/WARN]: 	at java.base/jdk.internal.reflect.DirectMethodHandleAccessor.invoke(DirectMethodHandleAccessor.java:103)

[20:56:17] [Server thread/WARN]: 	at java.base/java.lang.reflect.Method.invoke(Method.java:580)

[20:56:17] [Server thread/WARN]: 	at org.github.paperspigot.PaperSpigotConfig.readConfig(PaperSpigotConfig.java:84)

[20:56:17] [Server thread/WARN]: 	at org.github.paperspigot.PaperSpigotConfig.init(PaperSpigotConfig.java:62)

[20:56:17] [Server thread/WARN]: 	at net.minecraft.server.v1_8_R3.DedicatedServer.init(DedicatedServer.java:181)

[20:56:17] [Server thread/WARN]: 	at net.minecraft.server.v1_8_R3.MinecraftServer.run(MinecraftServer.java:563)

[20:56:17] [Server thread/WARN]: 	at java.base/java.lang.Thread.run(Thread.java:1583)

[20:56:17] [Server thread/INFO]: Generating keypair
[20:56:17] [Server thread/INFO]: Starting Minecraft server on localhost:25565
[20:56:17] [Server thread/INFO]: Your platform does not provide complete low-level API for accessing direct buffers reliably. Unless explicitly requested, heap buffer will always be preferred to avoid potential system unstability.
[20:56:17] [Server thread/INFO]: Using default channel type
[20:56:17] [Server thread/INFO]: Set PluginClassLoader as parallel capable
[20:56:17] [Server thread/INFO]: [WorldEdit] Loading WorldEdit v6.1;no_git_id
[20:56:17] [Server thread/INFO]: [LoginSecurity] Loading LoginSecurity v3.2.0
[20:56:17] [Server thread/WARN]: **** SERVER IS RUNNING IN OFFLINE/INSECURE MODE!
[20:56:17] [Server thread/WARN]: The server will make no attempt to authenticate usernames. Beware.
[20:56:17] [Server thread/WARN]: Whilst this makes it possible to use BungeeCord, unless access to your server is properly restricted, it also opens up the ability for hackers to connect with any username they choose.
[20:56:17] [Server thread/WARN]: Please see http://www.spigotmc.org/wiki/firewall-guide/ for further information.
[20:56:17] [Server thread/WARN]: To change this, set "online-mode" to "true" in the server.properties file.
[20:56:17] [Server thread/INFO]: **** Beginning UUID conversion, this may take A LONG time ****
[20:56:17] [Server thread/INFO]: Preparing level "world"
[20:56:17] [Server thread/INFO]: -------- World Settings For [world] --------
[20:56:17] [Server thread/INFO]: Entity Tracking Range: Pl 48 / An 48 / Mo 48 / Mi 32 / Other 64
[20:56:17] [Server thread/INFO]: Hopper Transfer: 8 Hopper Check: 8 Hopper Amount: 1
[20:56:17] [Server thread/INFO]: Random Lighting Updates: false
[20:56:17] [Server thread/INFO]: Structure Info Saving: true
[20:56:17] [Server thread/INFO]: Sending up to 10 chunks per packet
[20:56:17] [Server thread/INFO]: Max Entity Collisions: 8
[20:56:17] [Server thread/INFO]: Custom Map Seeds:  Village: 10387312 Feature: 14357617
[20:56:17] [Server thread/INFO]: Max TNT Explosions: 100
[20:56:17] [Server thread/INFO]: Tile Max Tick Time: 50ms Entity max Tick Time: 50ms
[20:56:17] [Server thread/INFO]: Mob Spawn Range: 4
[20:56:17] [Server thread/INFO]: Nerfing mobs spawned from spawners: false
[20:56:17] [Server thread/INFO]: Cactus Growth Modifier: 150%
[20:56:17] [Server thread/INFO]: Cane Growth Modifier: 150%
[20:56:17] [Server thread/INFO]: Melon Growth Modifier: 150%
[20:56:17] [Server thread/INFO]: Mushroom Growth Modifier: 150%
[20:56:17] [Server thread/INFO]: Pumpkin Growth Modifier: 150%
[20:56:17] [Server thread/INFO]: Sapling Growth Modifier: 150%
[20:56:17] [Server thread/INFO]: Wheat Growth Modifier: 150%
[20:56:17] [Server thread/INFO]: NetherWart Growth Modifier: 150%
[20:56:17] [Server thread/INFO]: Entity Activation Range: An 32 / Mo 32 / Mi 16
[20:56:17] [Server thread/INFO]: Anti X-Ray: true
[20:56:17] [Server thread/INFO]: 	Engine Mode: 1
[20:56:17] [Server thread/INFO]: 	Hidden Blocks: [14, 15, 16, 21, 48, 49, 54, 56, 73, 74, 82, 129, 130]
[20:56:17] [Server thread/INFO]: 	Replace Blocks: [1, 5]
[20:56:17] [Server thread/INFO]: Item Despawn Rate: 6000
[20:56:17] [Server thread/INFO]: Item Merge Radius: 2.5
[20:56:17] [Server thread/INFO]: Arrow Despawn Rate: 1200
[20:56:17] [Server thread/INFO]: Allow Zombie Pigmen to spawn from portal blocks: true
[20:56:17] [Server thread/INFO]: View Distance: 4
[20:56:17] [Server thread/INFO]: Zombie Aggressive Towards Villager: true
[20:56:17] [Server thread/INFO]: Chunks to Grow per Tick: 650
[20:56:17] [Server thread/INFO]: Clear tick list: false
[20:56:17] [Server thread/INFO]: Experience Merge Radius: 3.0
[20:56:17] [Server thread/INFO]: -------- World Settings For [world] --------
[20:56:17] [Server thread/INFO]: Squids will spawn between Y: 45.0 and Y: 63.0
[20:56:17] [Server thread/INFO]: Max height for cactus growth 3. Max height for reed growth 3
[20:56:17] [Server thread/INFO]: Remove invalid mob spawner tile entities: true
[20:56:17] [Server thread/INFO]: Player blocking damage multiplier set to 0.5
[20:56:17] [Server thread/INFO]: Living Entity Despawn Ranges:  Soft: 32 Hard: 128
[20:56:17] [Server thread/INFO]: Water over lava flow speed: 5
[20:56:17] [Server thread/INFO]: Fix TNT cannons: false
[20:56:17] [Server thread/INFO]: Allow undead horse types to be leashed: false
[20:56:17] [Server thread/INFO]: Keep spawn chunk loaded: true
[20:56:17] [Server thread/INFO]: World async lighting: false
[20:56:17] [Server thread/INFO]: WorldServer TickNextTick cap set at 10000
[20:56:17] [Server thread/INFO]: WorldServer TickNextTickList cap always processes redstone: false
[20:56:17] [Server thread/INFO]: -------- World Settings For [world_nether] --------
[20:56:17] [Server thread/INFO]: Entity Tracking Range: Pl 48 / An 48 / Mo 48 / Mi 32 / Other 64
[20:56:17] [Server thread/INFO]: Hopper Transfer: 8 Hopper Check: 8 Hopper Amount: 1
[20:56:17] [Server thread/INFO]: Random Lighting Updates: false
[20:56:17] [Server thread/INFO]: Structure Info Saving: true
[20:56:17] [Server thread/INFO]: Sending up to 10 chunks per packet
[20:56:17] [Server thread/INFO]: Max Entity Collisions: 8
[20:56:17] [Server thread/INFO]: Custom Map Seeds:  Village: 10387312 Feature: 14357617
[20:56:17] [Server thread/INFO]: Max TNT Explosions: 100
[20:56:17] [Server thread/INFO]: Tile Max Tick Time: 50ms Entity max Tick Time: 50ms
[20:56:17] [Server thread/INFO]: Mob Spawn Range: 4
[20:56:17] [Server thread/INFO]: Nerfing mobs spawned from spawners: false
[20:56:17] [Server thread/INFO]: Cactus Growth Modifier: 150%
[20:56:17] [Server thread/INFO]: Cane Growth Modifier: 150%
[20:56:17] [Server thread/INFO]: Melon Growth Modifier: 150%
[20:56:17] [Server thread/INFO]: Mushroom Growth Modifier: 150%
[20:56:17] [Server thread/INFO]: Pumpkin Growth Modifier: 150%
[20:56:17] [Server thread/INFO]: Sapling Growth Modifier: 150%
[20:56:17] [Server thread/INFO]: Wheat Growth Modifier: 150%
[20:56:17] [Server thread/INFO]: NetherWart Growth Modifier: 150%
[20:56:17] [Server thread/INFO]: Entity Activation Range: An 32 / Mo 32 / Mi 16
[20:56:17] [Server thread/INFO]: Anti X-Ray: true
[20:56:17] [Server thread/INFO]: 	Engine Mode: 1
[20:56:17] [Server thread/INFO]: 	Hidden Blocks: [14, 15, 16, 21, 48, 49, 54, 56, 73, 74, 82, 129, 130]
[20:56:17] [Server thread/INFO]: 	Replace Blocks: [1, 5]
[20:56:17] [Server thread/INFO]: Item Despawn Rate: 6000
[20:56:17] [Server thread/INFO]: Item Merge Radius: 2.5
[20:56:17] [Server thread/INFO]: Arrow Despawn Rate: 1200
[20:56:17] [Server thread/INFO]: Allow Zombie Pigmen to spawn from portal blocks: true
[20:56:17] [Server thread/INFO]: View Distance: 4
[20:56:17] [Server thread/INFO]: Zombie Aggressive Towards Villager: true
[20:56:17] [Server thread/INFO]: Chunks to Grow per Tick: 650
[20:56:17] [Server thread/INFO]: Clear tick list: false
[20:56:17] [Server thread/INFO]: Experience Merge Radius: 3.0
[20:56:17] [Server thread/INFO]: -------- World Settings For [world_nether] --------
[20:56:17] [Server thread/INFO]: Squids will spawn between Y: 45.0 and Y: 63.0
[20:56:17] [Server thread/INFO]: Max height for cactus growth 3. Max height for reed growth 3
[20:56:17] [Server thread/INFO]: Remove invalid mob spawner tile entities: true
[20:56:17] [Server thread/INFO]: Player blocking damage multiplier set to 0.5
[20:56:17] [Server thread/INFO]: Living Entity Despawn Ranges:  Soft: 32 Hard: 128
[20:56:17] [Server thread/INFO]: Water over lava flow speed: 5
[20:56:17] [Server thread/INFO]: Fix TNT cannons: false
[20:56:17] [Server thread/INFO]: Allow undead horse types to be leashed: false
[20:56:17] [Server thread/INFO]: Keep spawn chunk loaded: true
[20:56:17] [Server thread/INFO]: World async lighting: false
[20:56:17] [Server thread/INFO]: WorldServer TickNextTick cap set at 10000
[20:56:17] [Server thread/INFO]: WorldServer TickNextTickList cap always processes redstone: false
[20:56:17] [Server thread/INFO]: -------- World Settings For [world_the_end] --------
[20:56:17] [Server thread/INFO]: Entity Tracking Range: Pl 48 / An 48 / Mo 48 / Mi 32 / Other 64
[20:56:17] [Server thread/INFO]: Hopper Transfer: 8 Hopper Check: 8 Hopper Amount: 1
[20:56:17] [Server thread/INFO]: Random Lighting Updates: false
[20:56:17] [Server thread/INFO]: Structure Info Saving: true
[20:56:17] [Server thread/INFO]: Sending up to 10 chunks per packet
[20:56:17] [Server thread/INFO]: Max Entity Collisions: 8
[20:56:17] [Server thread/INFO]: Custom Map Seeds:  Village: 10387312 Feature: 14357617
[20:56:17] [Server thread/INFO]: Max TNT Explosions: 100
[20:56:17] [Server thread/INFO]: Tile Max Tick Time: 50ms Entity max Tick Time: 50ms
[20:56:17] [Server thread/INFO]: Mob Spawn Range: 4
[20:56:17] [Server thread/INFO]: Nerfing mobs spawned from spawners: false
[20:56:17] [Server thread/INFO]: Cactus Growth Modifier: 150%
[20:56:17] [Server thread/INFO]: Cane Growth Modifier: 150%
[20:56:17] [Server thread/INFO]: Melon Growth Modifier: 150%
[20:56:17] [Server thread/INFO]: Mushroom Growth Modifier: 150%
[20:56:17] [Server thread/INFO]: Pumpkin Growth Modifier: 150%
[20:56:17] [Server thread/INFO]: Sapling Growth Modifier: 150%
[20:56:17] [Server thread/INFO]: Wheat Growth Modifier: 150%
[20:56:17] [Server thread/INFO]: NetherWart Growth Modifier: 150%
[20:56:17] [Server thread/INFO]: Entity Activation Range: An 32 / Mo 32 / Mi 16
[20:56:17] [Server thread/INFO]: Anti X-Ray: true
[20:56:17] [Server thread/INFO]: 	Engine Mode: 1
[20:56:17] [Server thread/INFO]: 	Hidden Blocks: [14, 15, 16, 21, 48, 49, 54, 56, 73, 74, 82, 129, 130]
[20:56:17] [Server thread/INFO]: 	Replace Blocks: [1, 5]
[20:56:17] [Server thread/INFO]: Item Despawn Rate: 6000
[20:56:17] [Server thread/INFO]: Item Merge Radius: 2.5
[20:56:17] [Server thread/INFO]: Arrow Despawn Rate: 1200
[20:56:17] [Server thread/INFO]: Allow Zombie Pigmen to spawn from portal blocks: true
[20:56:17] [Server thread/INFO]: View Distance: 4
[20:56:17] [Server thread/INFO]: Zombie Aggressive Towards Villager: true
[20:56:17] [Server thread/INFO]: Chunks to Grow per Tick: 650
[20:56:17] [Server thread/INFO]: Clear tick list: false
[20:56:17] [Server thread/INFO]: Experience Merge Radius: 3.0
[20:56:17] [Server thread/INFO]: -------- World Settings For [world_the_end] --------
[20:56:17] [Server thread/INFO]: Squids will spawn between Y: 45.0 and Y: 63.0
[20:56:17] [Server thread/INFO]: Max height for cactus growth 3. Max height for reed growth 3
[20:56:17] [Server thread/INFO]: Remove invalid mob spawner tile entities: true
[20:56:17] [Server thread/INFO]: Player blocking damage multiplier set to 0.5
[20:56:17] [Server thread/INFO]: Living Entity Despawn Ranges:  Soft: 32 Hard: 128
[20:56:17] [Server thread/INFO]: Water over lava flow speed: 5
[20:56:17] [Server thread/INFO]: Fix TNT cannons: false
[20:56:17] [Server thread/INFO]: Allow undead horse types to be leashed: false
[20:56:17] [Server thread/INFO]: Keep spawn chunk loaded: true
[20:56:17] [Server thread/INFO]: World async lighting: false
[20:56:17] [Server thread/INFO]: WorldServer TickNextTick cap set at 10000
[20:56:17] [Server thread/INFO]: WorldServer TickNextTickList cap always processes redstone: false
[20:56:18] [Server thread/INFO]: Preparing start region for level 0 (Seed: 1830959044346417687)
[20:56:19] [Server thread/INFO]: Preparing spawn area: 7%
[20:56:20] [Server thread/INFO]: Preparing spawn area: 15%
[20:56:21] [Server thread/INFO]: Preparing spawn area: 30%
[20:56:22] [Server thread/INFO]: Preparing spawn area: 45%
[20:56:23] [Server thread/INFO]: Preparing spawn area: 64%
[20:56:24] [Server thread/INFO]: Preparing spawn area: 77%
[20:56:25] [Server thread/INFO]: Preparing spawn area: 94%
[20:56:25] [Server thread/INFO]: Preparing start region for level 1 (Seed: 1830959044346417687)
[20:56:26] [Server thread/INFO]: Preparing spawn area: 17%
[20:56:27] [Server thread/INFO]: Preparing spawn area: 41%
[20:56:28] [Server thread/INFO]: Preparing spawn area: 75%
[20:56:29] [Server thread/INFO]: Preparing start region for level 2 (Seed: 1830959044346417687)
[20:56:30] [Server thread/INFO]: Preparing spawn area: 63%
[20:56:30] [Server thread/INFO]: [WorldEdit] Enabling WorldEdit v6.1;no_git_id
[20:56:30] [Server thread/INFO]: WEPIF: Updated config file
[20:56:30] [Server thread/INFO]: WEPIF: Using the Bukkit Permissions API.
[20:56:30] [Server thread/INFO]: [WorldEdit] Using com.sk89q.worldedit.bukkit.adapter.impl.Spigot_v1_8_R3 as the Bukkit adapter
[20:56:30] [Server thread/INFO]: [LoginSecurity] Enabling LoginSecurity v3.2.0
[20:56:30] [Server thread/INFO]: [LoginSecurity] Loading base translations from "en_us"
[20:56:30] [Server thread/INFO]: [LoginSecurity] Loading specified translations from "en_us"
[20:56:30] [Server thread/INFO]: [LoginSecurity] Registering commands...
[20:56:30] [Server thread/INFO]: [LoginSecurity] Registering listeners...
[20:56:30] [Server thread/INFO]: Done (13.480s)! For help, type "help" or "?"
[20:56:30] [Server thread/INFO]: Timings Reset
[21:03:06] [Thread-6/INFO]: UUID of player DevAbuser is 18cf9d60-2acb-3db8-af4c-08f741dfa86d
[21:03:06] [Server thread/INFO]: DevAbuser[/[0:0:0:0:0:0:0:1]:47904] logged in with entity id 2160 at ([world]208.0, 64.0, 248.0)
[21:03:06] [Craft Scheduler Thread - 0/WARN]: [LoginSecurity] Failed to set inventory id in profile
[21:03:06] [Server thread/ERROR]: [LoginSecurity] Failed to save player location
java.sql.SQLException: Failed set location id in profile
	at com.lenis0012.bukkit.loginsecurity.database.LocationRepository.insertLoginLocationBlocking(LocationRepository.java:57) ~[?:?]
	at com.lenis0012.bukkit.loginsecurity.database.LocationRepository.lambda$insertLoginLocation$0(LocationRepository.java:26) ~[?:?]
	at org.bukkit.craftbukkit.v1_8_R3.scheduler.CraftTask.run(CraftTask.java:59) ~[patched_1.8.8.jar:git-PaperSpigot-445]
	at org.bukkit.craftbukkit.v1_8_R3.scheduler.CraftAsyncTask.run(CraftAsyncTask.java:53) ~[patched_1.8.8.jar:git-PaperSpigot-445]
	at org.github.paperspigot.ServerSchedulerReportingWrapper.run(ServerSchedulerReportingWrapper.java:23) ~[patched_1.8.8.jar:git-PaperSpigot-445]
	at java.util.concurrent.ThreadPoolExecutor.runWorker(ThreadPoolExecutor.java:1144) ~[?:?]
	at java.util.concurrent.ThreadPoolExecutor$Worker.run(ThreadPoolExecutor.java:642) ~[?:?]
	at java.lang.Thread.run(Thread.java:1583) [?:?]
[21:03:17] [Server thread/INFO]: DevAbuser has just earned the achievement [Taking Inventory]
[21:03:29] [Server thread/INFO]: DevAbuser lost connection: Disconnected
[21:03:29] [Server thread/INFO]: DevAbuser left the game.
[21:12:09] [Thread-7/INFO]: UUID of player DevAbuser is 18cf9d60-2acb-3db8-af4c-08f741dfa86d
[21:12:10] [Server thread/INFO]: DevAbuser[/[0:0:0:0:0:0:0:1]:40574] logged in with entity id 2437 at ([world]208.0, 64.0, 248.0)
[21:12:10] [Craft Scheduler Thread - 1/WARN]: [LoginSecurity] Failed to set inventory id in profile
[21:12:10] [Server thread/ERROR]: [LoginSecurity] Failed to save player location
java.sql.SQLException: Failed set location id in profile
	at com.lenis0012.bukkit.loginsecurity.database.LocationRepository.insertLoginLocationBlocking(LocationRepository.java:57) ~[?:?]
	at com.lenis0012.bukkit.loginsecurity.database.LocationRepository.lambda$insertLoginLocation$0(LocationRepository.java:26) ~[?:?]
	at org.bukkit.craftbukkit.v1_8_R3.scheduler.CraftTask.run(CraftTask.java:59) ~[patched_1.8.8.jar:git-PaperSpigot-445]
	at org.bukkit.craftbukkit.v1_8_R3.scheduler.CraftAsyncTask.run(CraftAsyncTask.java:53) ~[patched_1.8.8.jar:git-PaperSpigot-445]
	at org.github.paperspigot.ServerSchedulerReportingWrapper.run(ServerSchedulerReportingWrapper.java:23) ~[patched_1.8.8.jar:git-PaperSpigot-445]
	at java.util.concurrent.ThreadPoolExecutor.runWorker(ThreadPoolExecutor.java:1144) ~[?:?]
	at java.util.concurrent.ThreadPoolExecutor$Worker.run(ThreadPoolExecutor.java:642) ~[?:?]
	at java.lang.Thread.run(Thread.java:1583) [?:?]
[21:12:33] [Server thread/INFO]: DevAbuser issued server command: /give DevAbuser stick 1
[21:12:42] [Server thread/INFO]: DevAbuser lost connection: Disconnected
[21:12:42] [Server thread/INFO]: DevAbuser left the game.
[21:13:59] [Thread-8/INFO]: UUID of player DevAbuser is 18cf9d60-2acb-3db8-af4c-08f741dfa86d
[21:13:59] [Server thread/INFO]: DevAbuser[/[0:0:0:0:0:0:0:1]:51996] logged in with entity id 2453 at ([world]206.89896230171726, 65.0, 253.04194528757822)
[21:14:05] [Server thread/INFO]: DevAbuser issued server command: /l OP_OwiiO
[21:14:19] [Server thread/INFO]: DevAbuser issued server command: /give DevAbuser stick
[21:14:21] [Server thread/INFO]: DevAbuser issued server command: /xp 1
[21:14:44] [Server thread/INFO]: DevAbuser lost connection: Disconnected
[21:14:44] [Server thread/INFO]: DevAbuser left the game.
[21:35:24] [Server thread/INFO]: Unknown command. Type "/help" for help.[m

[21:35:30] [Server thread/INFO]: Unknown command. Type "/help" for help.[m

[21:35:36] [Server thread/INFO]: [0;33;1m----------[m Help: page 1/6  [0;33;1m--------------------[m[m

[21:35:36] [Server thread/INFO]: [0;37;22mType [0;36;1m//help <command> [<page>][0;37;22m for more information.[m

[21:35:36] [Server thread/INFO]: [0;33;22m//: [mToggle the super pickaxe function[m

[21:35:36] [Server thread/INFO]: [0;33;22m/.s: [mExecute last CraftScript[m

[21:35:36] [Server thread/INFO]: [0;33;22m/ascend: [mGo up a floor[m

[21:35:36] [Server thread/INFO]: [0;33;22m/biomeinfo: [mGet the biome of the targeted block.[m

[21:35:36] [Server thread/INFO]: [0;33;22m/biomelist: [mGets all biomes available.[m

[21:35:36] [Server thread/INFO]: [0;33;22m/brush: [mBrushing commands[m

[21:35:36] [Server thread/INFO]: [0;33;22m/butcher: [mKill all or nearby mobs[m

[21:35:36] [Server thread/INFO]: [0;33;22m//calc: [mEvaluate a mathematical expression[m

[21:35:36] [Server thread/INFO]: [0;33;22m/ceil: [mGo to the celing[m

[21:35:36] [Server thread/INFO]: [0;33;22m//center: [mSet the center block(s)[m

[21:35:36] [Server thread/INFO]: [0;33;22m//chunk: [mSet the selection to your current chunk.[m

[21:35:36] [Server thread/INFO]: [0;33;22m/chunkinfo: [mGet information about the chunk that you are inside[m

[21:35:36] [Server thread/INFO]: [0;33;22m/clearclipboard: [mClear your clipboard[m

[21:35:36] [Server thread/INFO]: [0;33;22m//clearhistory: [mClear your history[m

[21:35:36] [Server thread/INFO]: [0;33;22m//contract: [mContract the selection area[m

[21:35:36] [Server thread/INFO]: [0;33;22m//copy: [mCopy the selection to the clipboard[m

[21:35:36] [Server thread/INFO]: [0;33;22m//count: [mCounts the number of a certain type of block[m

[21:35:36] [Server thread/INFO]: [0;33;22m/cs: [mExecute a CraftScript[m

[21:35:36] [Server thread/INFO]: [0;33;22m//curve: [mDraws a spline through selected points[m

[21:35:36] [Server thread/INFO]: [0;33;22m//cut: [mCut the selection to the clipboard[m

[21:37:05] [Server thread/INFO]: Unknown command. Type "/help" for help.[m

[21:37:09] [Server thread/INFO]: Unknown command. Type "/help" for help.[m

[21:37:12] [Server thread/INFO]: Unknown command. Type "/help" for help.[m

[21:37:23] [Server thread/INFO]: Unknown command. Type "/help" for help.[m

[21:38:21] [Server thread/INFO]: Unknown command. Type "/help" for help.[m

[21:38:24] [Server thread/INFO]: Unknown command. Type "/help" for help.[m

